{"/Users/keithyu/Documents/code/ecs-image-handler/service/src/config.ts": {"path":"/Users/keithyu/Documents/code/ecs-image-handler/service/src/config.ts","all":false,"statementMap":{"0":{"start":{"line":1,"column":0},"end":{"line":1,"column":7}},"1":{"start":{"line":2,"column":0},"end":{"line":2,"column":9}},"2":{"start":{"line":3,"column":0},"end":{"line":3,"column":13}},"3":{"start":{"line":4,"column":0},"end":{"line":4,"column":11}},"4":{"start":{"line":5,"column":0},"end":{"line":5,"column":9}},"5":{"start":{"line":6,"column":0},"end":{"line":6,"column":13}},"6":{"start":{"line":7,"column":0},"end":{"line":7,"column":14}},"7":{"start":{"line":8,"column":0},"end":{"line":8,"column":19}},"8":{"start":{"line":9,"column":0},"end":{"line":9,"column":12}},"9":{"start":{"line":10,"column":0},"end":{"line":10,"column":12}},"10":{"start":{"line":11,"column":0},"end":{"line":11,"column":14}},"11":{"start":{"line":12,"column":0},"end":{"line":12,"column":20}},"12":{"start":{"line":13,"column":0},"end":{"line":13,"column":29}},"13":{"start":{"line":14,"column":0},"end":{"line":14,"column":16}},"14":{"start":{"line":15,"column":0},"end":{"line":15,"column":18}},"15":{"start":{"line":16,"column":0},"end":{"line":16,"column":20}},"16":{"start":{"line":17,"column":0},"end":{"line":17,"column":22}},"17":{"start":{"line":18,"column":0},"end":{"line":18,"column":16}},"18":{"start":{"line":19,"column":0},"end":{"line":19,"column":0}},"19":{"start":{"line":20,"column":0},"end":{"line":20,"column":26}},"20":{"start":{"line":21,"column":0},"end":{"line":21,"column":15}},"21":{"start":{"line":22,"column":0},"end":{"line":22,"column":17}},"22":{"start":{"line":23,"column":0},"end":{"line":23,"column":18}},"23":{"start":{"line":24,"column":0},"end":{"line":24,"column":20}},"24":{"start":{"line":25,"column":0},"end":{"line":25,"column":23}},"25":{"start":{"line":26,"column":0},"end":{"line":26,"column":25}},"26":{"start":{"line":27,"column":0},"end":{"line":27,"column":20}},"27":{"start":{"line":28,"column":0},"end":{"line":28,"column":20}},"28":{"start":{"line":29,"column":0},"end":{"line":29,"column":21}},"29":{"start":{"line":30,"column":0},"end":{"line":30,"column":26}},"30":{"start":{"line":31,"column":0},"end":{"line":31,"column":34}},"31":{"start":{"line":32,"column":0},"end":{"line":32,"column":24}},"32":{"start":{"line":33,"column":0},"end":{"line":33,"column":26}},"33":{"start":{"line":34,"column":0},"end":{"line":34,"column":28}},"34":{"start":{"line":35,"column":0},"end":{"line":35,"column":28}},"35":{"start":{"line":36,"column":0},"end":{"line":36,"column":10}},"36":{"start":{"line":37,"column":0},"end":{"line":37,"column":28}},"37":{"start":{"line":38,"column":0},"end":{"line":38,"column":37}},"38":{"start":{"line":39,"column":0},"end":{"line":39,"column":24}},"39":{"start":{"line":40,"column":0},"end":{"line":40,"column":26}},"40":{"start":{"line":41,"column":0},"end":{"line":41,"column":36}},"41":{"start":{"line":42,"column":0},"end":{"line":42,"column":37}},"42":{"start":{"line":43,"column":0},"end":{"line":43,"column":3}},"43":{"start":{"line":44,"column":0},"end":{"line":44,"column":1}},"44":{"start":{"line":45,"column":0},"end":{"line":45,"column":0}},"45":{"start":{"line":46,"column":0},"end":{"line":46,"column":30}},"46":{"start":{"line":47,"column":0},"end":{"line":47,"column":32}},"47":{"start":{"line":48,"column":0},"end":{"line":48,"column":1}},"48":{"start":{"line":49,"column":0},"end":{"line":49,"column":0}},"49":{"start":{"line":50,"column":0},"end":{"line":50,"column":36}},"50":{"start":{"line":51,"column":0},"end":{"line":51,"column":53}},"51":{"start":{"line":52,"column":0},"end":{"line":52,"column":28}},"52":{"start":{"line":53,"column":0},"end":{"line":53,"column":75}},"53":{"start":{"line":54,"column":0},"end":{"line":54,"column":1}},"54":{"start":{"line":55,"column":0},"end":{"line":55,"column":0}},"55":{"start":{"line":56,"column":0},"end":{"line":56,"column":37}},"56":{"start":{"line":57,"column":0},"end":{"line":57,"column":58}},"57":{"start":{"line":58,"column":0},"end":{"line":58,"column":45}},"58":{"start":{"line":59,"column":0},"end":{"line":59,"column":0}},"59":{"start":{"line":60,"column":0},"end":{"line":60,"column":65}},"60":{"start":{"line":61,"column":0},"end":{"line":61,"column":72}},"61":{"start":{"line":62,"column":0},"end":{"line":62,"column":0}},"62":{"start":{"line":63,"column":0},"end":{"line":63,"column":23}},"63":{"start":{"line":64,"column":0},"end":{"line":64,"column":13}},"64":{"start":{"line":65,"column":0},"end":{"line":65,"column":46}},"65":{"start":{"line":66,"column":0},"end":{"line":66,"column":36}},"66":{"start":{"line":67,"column":0},"end":{"line":67,"column":27}},"67":{"start":{"line":68,"column":0},"end":{"line":68,"column":25}},"68":{"start":{"line":69,"column":0},"end":{"line":69,"column":57}},"69":{"start":{"line":70,"column":0},"end":{"line":70,"column":75}},"70":{"start":{"line":71,"column":0},"end":{"line":71,"column":75}},"71":{"start":{"line":72,"column":0},"end":{"line":72,"column":54}},"72":{"start":{"line":73,"column":0},"end":{"line":73,"column":54}},"73":{"start":{"line":74,"column":0},"end":{"line":74,"column":60}},"74":{"start":{"line":75,"column":0},"end":{"line":75,"column":50}},"75":{"start":{"line":76,"column":0},"end":{"line":76,"column":56}},"76":{"start":{"line":77,"column":0},"end":{"line":77,"column":59}},"77":{"start":{"line":78,"column":0},"end":{"line":78,"column":52}},"78":{"start":{"line":79,"column":0},"end":{"line":79,"column":10}},"79":{"start":{"line":80,"column":0},"end":{"line":80,"column":25}},"80":{"start":{"line":81,"column":0},"end":{"line":81,"column":34}},"81":{"start":{"line":82,"column":0},"end":{"line":82,"column":19}},"82":{"start":{"line":83,"column":0},"end":{"line":83,"column":28}},"83":{"start":{"line":84,"column":0},"end":{"line":84,"column":71}},"84":{"start":{"line":85,"column":0},"end":{"line":85,"column":50}},"85":{"start":{"line":86,"column":0},"end":{"line":86,"column":3}},"86":{"start":{"line":87,"column":0},"end":{"line":87,"column":2}},"87":{"start":{"line":88,"column":0},"end":{"line":88,"column":0}},"88":{"start":{"line":89,"column":0},"end":{"line":89,"column":20}}},"s":{"0":1,"1":1,"2":1,"3":1,"4":1,"5":1,"6":1,"7":1,"8":1,"9":1,"10":1,"11":1,"12":1,"13":1,"14":1,"15":1,"16":1,"17":1,"18":1,"19":1,"20":1,"21":1,"22":1,"23":1,"24":1,"25":1,"26":1,"27":1,"28":1,"29":1,"30":1,"31":1,"32":1,"33":1,"34":1,"35":1,"36":1,"37":1,"38":1,"39":1,"40":1,"41":1,"42":1,"43":1,"44":1,"45":4,"46":4,"47":4,"48":1,"49":1,"50":1,"51":1,"52":1,"53":1,"54":1,"55":1,"56":1,"57":1,"58":1,"59":1,"60":1,"61":1,"62":1,"63":1,"64":1,"65":1,"66":1,"67":1,"68":1,"69":1,"70":1,"71":1,"72":1,"73":1,"74":1,"75":1,"76":1,"77":1,"78":1,"79":1,"80":1,"81":1,"82":1,"83":1,"84":1,"85":1,"86":1,"87":1,"88":1},"branchMap":{"0":{"type":"branch","line":61,"loc":{"start":{"line":61,"column":41},"end":{"line":61,"column":53}},"locations":[{"start":{"line":61,"column":41},"end":{"line":61,"column":53}}]},"1":{"type":"branch","line":65,"loc":{"start":{"line":65,"column":16},"end":{"line":65,"column":15}},"locations":[{"start":{"line":65,"column":16},"end":{"line":65,"column":15}}]},"2":{"type":"branch","line":65,"loc":{"start":{"line":65,"column":30},"end":{"line":65,"column":34}},"locations":[{"start":{"line":65,"column":30},"end":{"line":65,"column":34}}]},"3":{"type":"branch","line":70,"loc":{"start":{"line":70,"column":52},"end":{"line":70,"column":51}},"locations":[{"start":{"line":70,"column":52},"end":{"line":70,"column":51}}]},"4":{"type":"branch","line":71,"loc":{"start":{"line":71,"column":52},"end":{"line":71,"column":51}},"locations":[{"start":{"line":71,"column":52},"end":{"line":71,"column":51}}]},"5":{"type":"branch","line":72,"loc":{"start":{"line":72,"column":25},"end":{"line":72,"column":24}},"locations":[{"start":{"line":72,"column":25},"end":{"line":72,"column":24}}]},"6":{"type":"branch","line":73,"loc":{"start":{"line":73,"column":45},"end":{"line":73,"column":44}},"locations":[{"start":{"line":73,"column":45},"end":{"line":73,"column":44}}]},"7":{"type":"branch","line":74,"loc":{"start":{"line":74,"column":53},"end":{"line":74,"column":52}},"locations":[{"start":{"line":74,"column":53},"end":{"line":74,"column":52}}]},"8":{"type":"branch","line":75,"loc":{"start":{"line":75,"column":39},"end":{"line":75,"column":38}},"locations":[{"start":{"line":75,"column":39},"end":{"line":75,"column":38}}]},"9":{"type":"branch","line":76,"loc":{"start":{"line":76,"column":43},"end":{"line":76,"column":42}},"locations":[{"start":{"line":76,"column":43},"end":{"line":76,"column":42}}]},"10":{"type":"branch","line":77,"loc":{"start":{"line":77,"column":47},"end":{"line":77,"column":46}},"locations":[{"start":{"line":77,"column":47},"end":{"line":77,"column":46}}]},"11":{"type":"branch","line":78,"loc":{"start":{"line":78,"column":40},"end":{"line":78,"column":39}},"locations":[{"start":{"line":78,"column":40},"end":{"line":78,"column":39}}]},"12":{"type":"branch","line":46,"loc":{"start":{"line":46,"column":0},"end":{"line":48,"column":1}},"locations":[{"start":{"line":46,"column":0},"end":{"line":48,"column":1}}]},"13":{"type":"branch","line":51,"loc":{"start":{"line":51,"column":0},"end":{"line":54,"column":1}},"locations":[{"start":{"line":51,"column":0},"end":{"line":54,"column":1}}]}},"b":{"0":[0],"1":[0],"2":[0],"3":[0],"4":[0],"5":[0],"6":[0],"7":[0],"8":[0],"9":[0],"10":[0],"11":[0],"12":[4],"13":[1]},"fnMap":{"0":{"name":"parseInt","decl":{"start":{"line":46,"column":0},"end":{"line":48,"column":1}},"loc":{"start":{"line":46,"column":0},"end":{"line":48,"column":1}},"line":46},"1":{"name":"parseBuckets","decl":{"start":{"line":51,"column":0},"end":{"line":54,"column":1}},"loc":{"start":{"line":51,"column":0},"end":{"line":54,"column":1}},"line":51}},"f":{"0":4,"1":1}}
,"/Users/keithyu/Documents/code/ecs-image-handler/service/src/store.ts": {"path":"/Users/keithyu/Documents/code/ecs-image-handler/service/src/store.ts","all":false,"statementMap":{"0":{"start":{"line":1,"column":0},"end":{"line":1,"column":25}},"1":{"start":{"line":2,"column":0},"end":{"line":2,"column":29}},"2":{"start":{"line":3,"column":0},"end":{"line":3,"column":53}},"3":{"start":{"line":4,"column":0},"end":{"line":4,"column":41}},"4":{"start":{"line":5,"column":0},"end":{"line":5,"column":31}},"5":{"start":{"line":6,"column":0},"end":{"line":6,"column":30}},"6":{"start":{"line":7,"column":0},"end":{"line":7,"column":43}},"7":{"start":{"line":8,"column":0},"end":{"line":8,"column":0}},"8":{"start":{"line":9,"column":0},"end":{"line":9,"column":3}},"9":{"start":{"line":10,"column":0},"end":{"line":10,"column":37}},"10":{"start":{"line":11,"column":0},"end":{"line":11,"column":49}},"11":{"start":{"line":12,"column":0},"end":{"line":12,"column":3}},"12":{"start":{"line":13,"column":0},"end":{"line":13,"column":28}},"13":{"start":{"line":14,"column":0},"end":{"line":14,"column":0}},"14":{"start":{"line":15,"column":0},"end":{"line":15,"column":5}},"15":{"start":{"line":16,"column":0},"end":{"line":16,"column":37}},"16":{"start":{"line":17,"column":0},"end":{"line":17,"column":56}},"17":{"start":{"line":18,"column":0},"end":{"line":18,"column":48}},"18":{"start":{"line":19,"column":0},"end":{"line":19,"column":4}},"19":{"start":{"line":20,"column":0},"end":{"line":20,"column":51}},"20":{"start":{"line":21,"column":0},"end":{"line":21,"column":74}},"21":{"start":{"line":22,"column":0},"end":{"line":22,"column":5}},"22":{"start":{"line":23,"column":0},"end":{"line":23,"column":57}},"23":{"start":{"line":24,"column":0},"end":{"line":24,"column":0}},"24":{"start":{"line":25,"column":0},"end":{"line":25,"column":34}},"25":{"start":{"line":26,"column":0},"end":{"line":26,"column":1}},"26":{"start":{"line":27,"column":0},"end":{"line":27,"column":0}},"27":{"start":{"line":28,"column":0},"end":{"line":28,"column":28}},"28":{"start":{"line":29,"column":0},"end":{"line":29,"column":21}},"29":{"start":{"line":30,"column":0},"end":{"line":30,"column":1}},"30":{"start":{"line":31,"column":0},"end":{"line":31,"column":0}},"31":{"start":{"line":32,"column":0},"end":{"line":32,"column":106}},"32":{"start":{"line":33,"column":0},"end":{"line":33,"column":0}},"33":{"start":{"line":34,"column":0},"end":{"line":34,"column":55}},"34":{"start":{"line":35,"column":0},"end":{"line":35,"column":0}},"35":{"start":{"line":36,"column":0},"end":{"line":36,"column":3}},"36":{"start":{"line":37,"column":0},"end":{"line":37,"column":35}},"37":{"start":{"line":38,"column":0},"end":{"line":38,"column":3}},"38":{"start":{"line":39,"column":0},"end":{"line":39,"column":49}},"39":{"start":{"line":40,"column":0},"end":{"line":40,"column":51}},"40":{"start":{"line":41,"column":0},"end":{"line":41,"column":46}},"41":{"start":{"line":42,"column":0},"end":{"line":42,"column":68}},"42":{"start":{"line":43,"column":0},"end":{"line":43,"column":32}},"43":{"start":{"line":44,"column":0},"end":{"line":44,"column":12}},"44":{"start":{"line":45,"column":0},"end":{"line":45,"column":44}},"45":{"start":{"line":46,"column":0},"end":{"line":46,"column":24}},"46":{"start":{"line":47,"column":0},"end":{"line":47,"column":16}},"47":{"start":{"line":48,"column":0},"end":{"line":48,"column":28}},"48":{"start":{"line":49,"column":0},"end":{"line":49,"column":57}},"49":{"start":{"line":50,"column":0},"end":{"line":50,"column":35}},"50":{"start":{"line":51,"column":0},"end":{"line":51,"column":8}},"51":{"start":{"line":52,"column":0},"end":{"line":52,"column":6}},"52":{"start":{"line":53,"column":0},"end":{"line":53,"column":3}},"53":{"start":{"line":54,"column":0},"end":{"line":54,"column":0}},"54":{"start":{"line":55,"column":0},"end":{"line":55,"column":48}},"55":{"start":{"line":56,"column":0},"end":{"line":56,"column":52}},"56":{"start":{"line":57,"column":0},"end":{"line":57,"column":3}},"57":{"start":{"line":58,"column":0},"end":{"line":58,"column":1}},"58":{"start":{"line":59,"column":0},"end":{"line":59,"column":0}},"59":{"start":{"line":60,"column":0},"end":{"line":60,"column":3}},"60":{"start":{"line":61,"column":0},"end":{"line":61,"column":18}},"61":{"start":{"line":62,"column":0},"end":{"line":62,"column":3}},"62":{"start":{"line":63,"column":0},"end":{"line":63,"column":46}},"63":{"start":{"line":64,"column":0},"end":{"line":64,"column":54}},"64":{"start":{"line":65,"column":0},"end":{"line":65,"column":56}},"65":{"start":{"line":66,"column":0},"end":{"line":66,"column":58}},"66":{"start":{"line":67,"column":0},"end":{"line":67,"column":68}},"67":{"start":{"line":68,"column":0},"end":{"line":68,"column":22}},"68":{"start":{"line":69,"column":0},"end":{"line":69,"column":42}},"69":{"start":{"line":70,"column":0},"end":{"line":70,"column":26}},"70":{"start":{"line":71,"column":0},"end":{"line":71,"column":13}},"71":{"start":{"line":72,"column":0},"end":{"line":72,"column":17}},"72":{"start":{"line":73,"column":0},"end":{"line":73,"column":0}},"73":{"start":{"line":74,"column":0},"end":{"line":74,"column":36}},"74":{"start":{"line":75,"column":0},"end":{"line":75,"column":39}},"75":{"start":{"line":76,"column":0},"end":{"line":76,"column":48}},"76":{"start":{"line":77,"column":0},"end":{"line":77,"column":76}},"77":{"start":{"line":78,"column":0},"end":{"line":78,"column":76}},"78":{"start":{"line":79,"column":0},"end":{"line":79,"column":14}},"79":{"start":{"line":80,"column":0},"end":{"line":80,"column":35}},"80":{"start":{"line":81,"column":0},"end":{"line":81,"column":36}},"81":{"start":{"line":82,"column":0},"end":{"line":82,"column":16}},"82":{"start":{"line":83,"column":0},"end":{"line":83,"column":8}},"83":{"start":{"line":84,"column":0},"end":{"line":84,"column":6}},"84":{"start":{"line":85,"column":0},"end":{"line":85,"column":61}},"85":{"start":{"line":86,"column":0},"end":{"line":86,"column":3}},"86":{"start":{"line":87,"column":0},"end":{"line":87,"column":0}},"87":{"start":{"line":88,"column":0},"end":{"line":88,"column":48}},"88":{"start":{"line":89,"column":0},"end":{"line":89,"column":54}},"89":{"start":{"line":90,"column":0},"end":{"line":90,"column":26}},"90":{"start":{"line":91,"column":0},"end":{"line":91,"column":13}},"91":{"start":{"line":92,"column":0},"end":{"line":92,"column":20}},"92":{"start":{"line":93,"column":0},"end":{"line":93,"column":7}},"93":{"start":{"line":94,"column":0},"end":{"line":94,"column":3}},"94":{"start":{"line":95,"column":0},"end":{"line":95,"column":1}},"95":{"start":{"line":96,"column":0},"end":{"line":96,"column":0}},"96":{"start":{"line":97,"column":0},"end":{"line":97,"column":3}},"97":{"start":{"line":98,"column":0},"end":{"line":98,"column":36}},"98":{"start":{"line":99,"column":0},"end":{"line":99,"column":3}},"99":{"start":{"line":100,"column":0},"end":{"line":100,"column":48}},"100":{"start":{"line":101,"column":0},"end":{"line":101,"column":42}},"101":{"start":{"line":102,"column":0},"end":{"line":102,"column":47}},"102":{"start":{"line":103,"column":0},"end":{"line":103,"column":3}},"103":{"start":{"line":104,"column":0},"end":{"line":104,"column":113}},"104":{"start":{"line":105,"column":0},"end":{"line":105,"column":28}},"105":{"start":{"line":106,"column":0},"end":{"line":106,"column":29}},"106":{"start":{"line":107,"column":0},"end":{"line":107,"column":15}},"107":{"start":{"line":108,"column":0},"end":{"line":108,"column":18}},"108":{"start":{"line":109,"column":0},"end":{"line":109,"column":7}},"109":{"start":{"line":110,"column":0},"end":{"line":110,"column":3}},"110":{"start":{"line":111,"column":0},"end":{"line":111,"column":1}},"111":{"start":{"line":112,"column":0},"end":{"line":112,"column":0}},"112":{"start":{"line":113,"column":0},"end":{"line":113,"column":3}},"113":{"start":{"line":114,"column":0},"end":{"line":114,"column":43}},"114":{"start":{"line":115,"column":0},"end":{"line":115,"column":3}},"115":{"start":{"line":116,"column":0},"end":{"line":116,"column":55}},"116":{"start":{"line":117,"column":0},"end":{"line":117,"column":45}},"117":{"start":{"line":118,"column":0},"end":{"line":118,"column":42}},"118":{"start":{"line":119,"column":0},"end":{"line":119,"column":47}},"119":{"start":{"line":120,"column":0},"end":{"line":120,"column":3}},"120":{"start":{"line":121,"column":0},"end":{"line":121,"column":0}},"121":{"start":{"line":122,"column":0},"end":{"line":122,"column":107}},"122":{"start":{"line":123,"column":0},"end":{"line":123,"column":82}},"123":{"start":{"line":124,"column":0},"end":{"line":124,"column":60}},"124":{"start":{"line":125,"column":0},"end":{"line":125,"column":3}},"125":{"start":{"line":126,"column":0},"end":{"line":126,"column":1}},"126":{"start":{"line":127,"column":0},"end":{"line":127,"column":0}},"127":{"start":{"line":128,"column":0},"end":{"line":128,"column":0}},"128":{"start":{"line":129,"column":0},"end":{"line":129,"column":48}},"129":{"start":{"line":130,"column":0},"end":{"line":130,"column":72}},"130":{"start":{"line":131,"column":0},"end":{"line":131,"column":59}},"131":{"start":{"line":132,"column":0},"end":{"line":132,"column":42}},"132":{"start":{"line":133,"column":0},"end":{"line":133,"column":47}},"133":{"start":{"line":134,"column":0},"end":{"line":134,"column":3}},"134":{"start":{"line":135,"column":0},"end":{"line":135,"column":69}},"135":{"start":{"line":136,"column":0},"end":{"line":136,"column":38}},"136":{"start":{"line":137,"column":0},"end":{"line":137,"column":32}},"137":{"start":{"line":138,"column":0},"end":{"line":138,"column":23}},"138":{"start":{"line":139,"column":0},"end":{"line":139,"column":17}},"139":{"start":{"line":140,"column":0},"end":{"line":140,"column":27}},"140":{"start":{"line":141,"column":0},"end":{"line":141,"column":3}},"141":{"start":{"line":142,"column":0},"end":{"line":142,"column":1}},"142":{"start":{"line":143,"column":0},"end":{"line":143,"column":0}},"143":{"start":{"line":144,"column":0},"end":{"line":144,"column":45}},"144":{"start":{"line":145,"column":0},"end":{"line":145,"column":57}},"145":{"start":{"line":146,"column":0},"end":{"line":146,"column":42}},"146":{"start":{"line":147,"column":0},"end":{"line":147,"column":47}},"147":{"start":{"line":148,"column":0},"end":{"line":148,"column":3}},"148":{"start":{"line":149,"column":0},"end":{"line":149,"column":0}},"149":{"start":{"line":150,"column":0},"end":{"line":150,"column":69}},"150":{"start":{"line":151,"column":0},"end":{"line":151,"column":49}},"151":{"start":{"line":152,"column":0},"end":{"line":152,"column":3}},"152":{"start":{"line":153,"column":0},"end":{"line":153,"column":1}},"153":{"start":{"line":154,"column":0},"end":{"line":154,"column":0}},"154":{"start":{"line":155,"column":0},"end":{"line":155,"column":0}},"155":{"start":{"line":156,"column":0},"end":{"line":156,"column":33}},"156":{"start":{"line":157,"column":0},"end":{"line":157,"column":41}},"157":{"start":{"line":158,"column":0},"end":{"line":158,"column":1}}},"s":{"0":1,"1":1,"2":1,"3":1,"4":1,"5":1,"6":1,"7":1,"8":1,"9":1,"10":1,"11":1,"12":1,"13":1,"14":1,"15":1,"16":1,"17":1,"18":1,"19":1,"20":1,"21":1,"22":1,"23":1,"24":1,"25":1,"26":1,"27":1,"28":1,"29":1,"30":1,"31":1,"32":1,"33":1,"34":1,"35":1,"36":1,"37":1,"38":1,"39":1,"40":1,"41":2,"42":2,"43":2,"44":2,"45":0,"46":0,"47":0,"48":0,"49":0,"50":0,"51":0,"52":0,"53":1,"54":1,"55":0,"56":0,"57":1,"58":1,"59":1,"60":1,"61":1,"62":1,"63":1,"64":1,"65":1,"66":3,"67":3,"68":3,"69":3,"70":3,"71":3,"72":0,"73":0,"74":0,"75":0,"76":0,"77":0,"78":0,"79":0,"80":0,"81":0,"82":0,"83":0,"84":0,"85":0,"86":1,"87":1,"88":0,"89":0,"90":0,"91":0,"92":0,"93":0,"94":1,"95":1,"96":1,"97":1,"98":1,"99":1,"100":1,"101":0,"102":0,"103":1,"104":0,"105":0,"106":0,"107":0,"108":0,"109":0,"110":1,"111":1,"112":1,"113":1,"114":1,"115":1,"116":1,"117":1,"118":0,"119":0,"120":1,"121":1,"122":0,"123":0,"124":0,"125":1,"126":1,"127":1,"128":1,"129":1,"130":1,"131":1,"132":0,"133":0,"134":1,"135":0,"136":0,"137":0,"138":0,"139":0,"140":0,"141":1,"142":1,"143":1,"144":1,"145":1,"146":0,"147":0,"148":1,"149":1,"150":2,"151":2,"152":1,"153":1,"154":1,"155":0,"156":0,"157":0},"branchMap":{"0":{"type":"branch","line":40,"loc":{"start":{"line":40,"column":2},"end":{"line":40,"column":51}},"locations":[{"start":{"line":40,"column":2},"end":{"line":40,"column":51}}]},"1":{"type":"branch","line":41,"loc":{"start":{"line":41,"column":9},"end":{"line":53,"column":3}},"locations":[{"start":{"line":41,"column":9},"end":{"line":53,"column":3}}]},"2":{"type":"branch","line":45,"loc":{"start":{"line":45,"column":43},"end":{"line":53,"column":3}},"locations":[{"start":{"line":45,"column":43},"end":{"line":53,"column":3}}]},"3":{"type":"branch","line":65,"loc":{"start":{"line":65,"column":2},"end":{"line":65,"column":56}},"locations":[{"start":{"line":65,"column":2},"end":{"line":65,"column":56}}]},"4":{"type":"branch","line":66,"loc":{"start":{"line":66,"column":9},"end":{"line":86,"column":3}},"locations":[{"start":{"line":66,"column":9},"end":{"line":86,"column":3}}]},"5":{"type":"branch","line":68,"loc":{"start":{"line":68,"column":17},"end":{"line":68,"column":21}},"locations":[{"start":{"line":68,"column":17},"end":{"line":68,"column":21}}]},"6":{"type":"branch","line":73,"loc":{"start":{"line":73,"column":-1},"end":{"line":86,"column":3}},"locations":[{"start":{"line":73,"column":-1},"end":{"line":86,"column":3}}]},"7":{"type":"branch","line":145,"loc":{"start":{"line":145,"column":2},"end":{"line":145,"column":57}},"locations":[{"start":{"line":145,"column":2},"end":{"line":145,"column":57}}]},"8":{"type":"branch","line":150,"loc":{"start":{"line":150,"column":9},"end":{"line":152,"column":3}},"locations":[{"start":{"line":150,"column":9},"end":{"line":152,"column":3}}]},"9":{"type":"branch","line":151,"loc":{"start":{"line":151,"column":41},"end":{"line":151,"column":45}},"locations":[{"start":{"line":151,"column":41},"end":{"line":151,"column":45}}]},"10":{"type":"branch","line":151,"loc":{"start":{"line":151,"column":41},"end":{"line":151,"column":47}},"locations":[{"start":{"line":151,"column":41},"end":{"line":151,"column":47}}]}},"b":{"0":[2],"1":[2],"2":[0],"3":[1],"4":[3],"5":[0],"6":[0],"7":[1],"8":[2],"9":[1],"10":[1]},"fnMap":{"0":{"name":"LocalStore","decl":{"start":{"line":40,"column":2},"end":{"line":40,"column":51}},"loc":{"start":{"line":40,"column":2},"end":{"line":40,"column":51}},"line":40},"1":{"name":"get","decl":{"start":{"line":41,"column":9},"end":{"line":53,"column":3}},"loc":{"start":{"line":41,"column":9},"end":{"line":53,"column":3}},"line":41},"2":{"name":"url","decl":{"start":{"line":55,"column":9},"end":{"line":57,"column":3}},"loc":{"start":{"line":55,"column":9},"end":{"line":57,"column":3}},"line":55},"3":{"name":"S3Store","decl":{"start":{"line":65,"column":2},"end":{"line":65,"column":56}},"loc":{"start":{"line":65,"column":2},"end":{"line":65,"column":56}},"line":65},"4":{"name":"get","decl":{"start":{"line":66,"column":9},"end":{"line":86,"column":3}},"loc":{"start":{"line":66,"column":9},"end":{"line":86,"column":3}},"line":66},"5":{"name":"url","decl":{"start":{"line":88,"column":9},"end":{"line":94,"column":3}},"loc":{"start":{"line":88,"column":9},"end":{"line":94,"column":3}},"line":88},"6":{"name":"url","decl":{"start":{"line":101,"column":9},"end":{"line":103,"column":3}},"loc":{"start":{"line":101,"column":9},"end":{"line":103,"column":3}},"line":101},"7":{"name":"get","decl":{"start":{"line":104,"column":9},"end":{"line":110,"column":3}},"loc":{"start":{"line":104,"column":9},"end":{"line":110,"column":3}},"line":104},"8":{"name":"SharpBufferStore","decl":{"start":{"line":117,"column":2},"end":{"line":117,"column":45}},"loc":{"start":{"line":117,"column":2},"end":{"line":117,"column":45}},"line":117},"9":{"name":"url","decl":{"start":{"line":118,"column":9},"end":{"line":120,"column":3}},"loc":{"start":{"line":118,"column":9},"end":{"line":120,"column":3}},"line":118},"10":{"name":"get","decl":{"start":{"line":122,"column":2},"end":{"line":125,"column":3}},"loc":{"start":{"line":122,"column":2},"end":{"line":125,"column":3}},"line":122},"11":{"name":"DynamoDBStore","decl":{"start":{"line":131,"column":2},"end":{"line":131,"column":59}},"loc":{"start":{"line":131,"column":2},"end":{"line":131,"column":59}},"line":131},"12":{"name":"url","decl":{"start":{"line":132,"column":9},"end":{"line":134,"column":3}},"loc":{"start":{"line":132,"column":9},"end":{"line":134,"column":3}},"line":132},"13":{"name":"get","decl":{"start":{"line":135,"column":9},"end":{"line":141,"column":3}},"loc":{"start":{"line":135,"column":9},"end":{"line":141,"column":3}},"line":135},"14":{"name":"MemKVStore","decl":{"start":{"line":145,"column":2},"end":{"line":145,"column":57}},"loc":{"start":{"line":145,"column":2},"end":{"line":145,"column":57}},"line":145},"15":{"name":"url","decl":{"start":{"line":146,"column":9},"end":{"line":148,"column":3}},"loc":{"start":{"line":146,"column":9},"end":{"line":148,"column":3}},"line":146},"16":{"name":"get","decl":{"start":{"line":150,"column":9},"end":{"line":152,"column":3}},"loc":{"start":{"line":150,"column":9},"end":{"line":152,"column":3}},"line":150},"17":{"name":"filetype","decl":{"start":{"line":156,"column":0},"end":{"line":158,"column":1}},"loc":{"start":{"line":156,"column":0},"end":{"line":158,"column":1}},"line":156}},"f":{"0":2,"1":2,"2":0,"3":1,"4":3,"5":0,"6":0,"7":0,"8":0,"9":0,"10":0,"11":0,"12":0,"13":0,"14":1,"15":0,"16":2,"17":0}}
,"/Users/keithyu/Documents/code/ecs-image-handler/service/src/processor/image/_base.ts": {"path":"/Users/keithyu/Documents/code/ecs-image-handler/service/src/processor/image/_base.ts","all":false,"statementMap":{"0":{"start":{"line":1,"column":0},"end":{"line":1,"column":34}},"1":{"start":{"line":2,"column":0},"end":{"line":2,"column":82}},"2":{"start":{"line":3,"column":0},"end":{"line":3,"column":0}},"3":{"start":{"line":4,"column":0},"end":{"line":4,"column":0}},"4":{"start":{"line":5,"column":0},"end":{"line":5,"column":58}},"5":{"start":{"line":6,"column":0},"end":{"line":6,"column":34}},"6":{"start":{"line":7,"column":0},"end":{"line":7,"column":61}},"7":{"start":{"line":8,"column":0},"end":{"line":8,"column":74}},"8":{"start":{"line":9,"column":0},"end":{"line":9,"column":84}},"9":{"start":{"line":10,"column":0},"end":{"line":10,"column":26}},"10":{"start":{"line":11,"column":0},"end":{"line":11,"column":3}},"11":{"start":{"line":12,"column":0},"end":{"line":12,"column":77}},"12":{"start":{"line":13,"column":0},"end":{"line":13,"column":1}},"13":{"start":{"line":14,"column":0},"end":{"line":14,"column":0}},"14":{"start":{"line":15,"column":0},"end":{"line":15,"column":48}},"15":{"start":{"line":16,"column":0},"end":{"line":16,"column":37}},"16":{"start":{"line":17,"column":0},"end":{"line":17,"column":0}},"17":{"start":{"line":18,"column":0},"end":{"line":18,"column":59}},"18":{"start":{"line":19,"column":0},"end":{"line":19,"column":43}},"19":{"start":{"line":20,"column":0},"end":{"line":20,"column":3}},"20":{"start":{"line":21,"column":0},"end":{"line":21,"column":0}},"21":{"start":{"line":22,"column":0},"end":{"line":22,"column":31}},"22":{"start":{"line":23,"column":0},"end":{"line":23,"column":32}},"23":{"start":{"line":24,"column":0},"end":{"line":24,"column":3}},"24":{"start":{"line":25,"column":0},"end":{"line":25,"column":0}},"25":{"start":{"line":26,"column":0},"end":{"line":26,"column":39}},"26":{"start":{"line":27,"column":0},"end":{"line":27,"column":47}},"27":{"start":{"line":28,"column":0},"end":{"line":28,"column":44}},"28":{"start":{"line":29,"column":0},"end":{"line":29,"column":5}},"29":{"start":{"line":30,"column":0},"end":{"line":30,"column":3}},"30":{"start":{"line":31,"column":0},"end":{"line":31,"column":0}},"31":{"start":{"line":32,"column":0},"end":{"line":32,"column":43}},"32":{"start":{"line":33,"column":0},"end":{"line":33,"column":23}},"33":{"start":{"line":34,"column":0},"end":{"line":34,"column":32}},"34":{"start":{"line":35,"column":0},"end":{"line":35,"column":3}},"35":{"start":{"line":36,"column":0},"end":{"line":36,"column":0}},"36":{"start":{"line":37,"column":0},"end":{"line":37,"column":44}},"37":{"start":{"line":38,"column":0},"end":{"line":38,"column":23}},"38":{"start":{"line":39,"column":0},"end":{"line":39,"column":30}},"39":{"start":{"line":40,"column":0},"end":{"line":40,"column":3}},"40":{"start":{"line":41,"column":0},"end":{"line":41,"column":0}},"41":{"start":{"line":42,"column":0},"end":{"line":42,"column":45}},"42":{"start":{"line":43,"column":0},"end":{"line":43,"column":23}},"43":{"start":{"line":44,"column":0},"end":{"line":44,"column":31}},"44":{"start":{"line":45,"column":0},"end":{"line":45,"column":3}},"45":{"start":{"line":46,"column":0},"end":{"line":46,"column":0}},"46":{"start":{"line":47,"column":0},"end":{"line":47,"column":32}},"47":{"start":{"line":48,"column":0},"end":{"line":48,"column":23}},"48":{"start":{"line":49,"column":0},"end":{"line":49,"column":30}},"49":{"start":{"line":50,"column":0},"end":{"line":50,"column":3}},"50":{"start":{"line":51,"column":0},"end":{"line":51,"column":0}},"51":{"start":{"line":52,"column":0},"end":{"line":52,"column":33}},"52":{"start":{"line":53,"column":0},"end":{"line":53,"column":23}},"53":{"start":{"line":54,"column":0},"end":{"line":54,"column":31}},"54":{"start":{"line":55,"column":0},"end":{"line":55,"column":3}},"55":{"start":{"line":56,"column":0},"end":{"line":56,"column":0}},"56":{"start":{"line":57,"column":0},"end":{"line":57,"column":23}},"57":{"start":{"line":58,"column":0},"end":{"line":58,"column":50}},"58":{"start":{"line":59,"column":0},"end":{"line":59,"column":29}},"59":{"start":{"line":60,"column":0},"end":{"line":60,"column":5}},"60":{"start":{"line":61,"column":0},"end":{"line":61,"column":3}},"61":{"start":{"line":62,"column":0},"end":{"line":62,"column":0}},"62":{"start":{"line":63,"column":0},"end":{"line":63,"column":43}},"63":{"start":{"line":64,"column":0},"end":{"line":64,"column":66}},"64":{"start":{"line":65,"column":0},"end":{"line":65,"column":3}},"65":{"start":{"line":66,"column":0},"end":{"line":66,"column":0}},"66":{"start":{"line":67,"column":0},"end":{"line":67,"column":93}},"67":{"start":{"line":68,"column":0},"end":{"line":68,"column":46}},"68":{"start":{"line":69,"column":0},"end":{"line":69,"column":47}},"69":{"start":{"line":70,"column":0},"end":{"line":70,"column":7}},"70":{"start":{"line":71,"column":0},"end":{"line":71,"column":3}},"71":{"start":{"line":72,"column":0},"end":{"line":72,"column":1}},"72":{"start":{"line":73,"column":0},"end":{"line":73,"column":0}},"73":{"start":{"line":74,"column":0},"end":{"line":74,"column":54}},"74":{"start":{"line":75,"column":0},"end":{"line":75,"column":32}},"75":{"start":{"line":76,"column":0},"end":{"line":76,"column":63}},"76":{"start":{"line":77,"column":0},"end":{"line":77,"column":1}}},"s":{"0":1,"1":1,"2":1,"3":1,"4":0,"5":0,"6":0,"7":0,"8":0,"9":0,"10":0,"11":0,"12":0,"13":1,"14":1,"15":1,"16":1,"17":1,"18":5,"19":5,"20":1,"21":1,"22":40,"23":40,"24":1,"25":1,"26":37,"27":1,"28":1,"29":37,"30":1,"31":1,"32":6,"33":6,"34":6,"35":1,"36":1,"37":18,"38":18,"39":18,"40":1,"41":1,"42":1,"43":1,"44":1,"45":1,"46":1,"47":2,"48":2,"49":2,"50":1,"51":1,"52":10,"53":10,"54":10,"55":1,"56":1,"57":0,"58":0,"59":0,"60":0,"61":1,"62":1,"63":4,"64":4,"65":1,"66":1,"67":2,"68":12,"69":2,"70":2,"71":1,"72":1,"73":1,"74":1,"75":1,"76":1},"branchMap":{"0":{"type":"branch","line":18,"loc":{"start":{"line":18,"column":2},"end":{"line":20,"column":3}},"locations":[{"start":{"line":18,"column":2},"end":{"line":20,"column":3}}]},"1":{"type":"branch","line":19,"loc":{"start":{"line":19,"column":31},"end":{"line":19,"column":41}},"locations":[{"start":{"line":19,"column":31},"end":{"line":19,"column":41}}]},"2":{"type":"branch","line":22,"loc":{"start":{"line":22,"column":2},"end":{"line":24,"column":3}},"locations":[{"start":{"line":22,"column":2},"end":{"line":24,"column":3}}]},"3":{"type":"branch","line":26,"loc":{"start":{"line":26,"column":10},"end":{"line":30,"column":3}},"locations":[{"start":{"line":26,"column":10},"end":{"line":30,"column":3}}]},"4":{"type":"branch","line":27,"loc":{"start":{"line":27,"column":20},"end":{"line":27,"column":43}},"locations":[{"start":{"line":27,"column":20},"end":{"line":27,"column":43}}]},"5":{"type":"branch","line":27,"loc":{"start":{"line":27,"column":46},"end":{"line":29,"column":5}},"locations":[{"start":{"line":27,"column":46},"end":{"line":29,"column":5}}]},"6":{"type":"branch","line":32,"loc":{"start":{"line":32,"column":9},"end":{"line":35,"column":3}},"locations":[{"start":{"line":32,"column":9},"end":{"line":35,"column":3}}]},"7":{"type":"branch","line":37,"loc":{"start":{"line":37,"column":9},"end":{"line":40,"column":3}},"locations":[{"start":{"line":37,"column":9},"end":{"line":40,"column":3}}]},"8":{"type":"branch","line":42,"loc":{"start":{"line":42,"column":9},"end":{"line":45,"column":3}},"locations":[{"start":{"line":42,"column":9},"end":{"line":45,"column":3}}]},"9":{"type":"branch","line":47,"loc":{"start":{"line":47,"column":9},"end":{"line":50,"column":3}},"locations":[{"start":{"line":47,"column":9},"end":{"line":50,"column":3}}]},"10":{"type":"branch","line":52,"loc":{"start":{"line":52,"column":9},"end":{"line":55,"column":3}},"locations":[{"start":{"line":52,"column":9},"end":{"line":55,"column":3}}]},"11":{"type":"branch","line":63,"loc":{"start":{"line":63,"column":9},"end":{"line":65,"column":3}},"locations":[{"start":{"line":63,"column":9},"end":{"line":65,"column":3}}]},"12":{"type":"branch","line":64,"loc":{"start":{"line":64,"column":32},"end":{"line":64,"column":64}},"locations":[{"start":{"line":64,"column":32},"end":{"line":64,"column":64}}]},"13":{"type":"branch","line":67,"loc":{"start":{"line":67,"column":9},"end":{"line":71,"column":3}},"locations":[{"start":{"line":67,"column":9},"end":{"line":71,"column":3}}]},"14":{"type":"branch","line":68,"loc":{"start":{"line":68,"column":26},"end":{"line":70,"column":5}},"locations":[{"start":{"line":68,"column":26},"end":{"line":70,"column":5}}]},"15":{"type":"branch","line":74,"loc":{"start":{"line":74,"column":0},"end":{"line":77,"column":1}},"locations":[{"start":{"line":74,"column":0},"end":{"line":77,"column":1}}]}},"b":{"0":[5],"1":[30],"2":[40],"3":[37],"4":[36],"5":[1],"6":[6],"7":[18],"8":[1],"9":[2],"10":[10],"11":[4],"12":[24],"13":[2],"14":[12],"15":[1]},"fnMap":{"0":{"name":"BaseImageAction","decl":{"start":{"line":5,"column":0},"end":{"line":13,"column":1}},"loc":{"start":{"line":5,"column":0},"end":{"line":13,"column":1}},"line":5},"1":{"name":"beforeNewContext","decl":{"start":{"line":9,"column":9},"end":{"line":11,"column":3}},"loc":{"start":{"line":9,"column":9},"end":{"line":11,"column":3}},"line":9},"2":{"name":"beforeProcess","decl":{"start":{"line":12,"column":9},"end":{"line":12,"column":77}},"loc":{"start":{"line":12,"column":9},"end":{"line":12,"column":77}},"line":12},"3":{"name":"ActionMask","decl":{"start":{"line":18,"column":2},"end":{"line":20,"column":3}},"loc":{"start":{"line":18,"column":2},"end":{"line":20,"column":3}},"line":18},"4":{"name":"get length","decl":{"start":{"line":22,"column":2},"end":{"line":24,"column":3}},"loc":{"start":{"line":22,"column":2},"end":{"line":24,"column":3}},"line":22},"5":{"name":"_check","decl":{"start":{"line":26,"column":10},"end":{"line":30,"column":3}},"loc":{"start":{"line":26,"column":10},"end":{"line":30,"column":3}},"line":26},"6":{"name":"getAction","decl":{"start":{"line":32,"column":9},"end":{"line":35,"column":3}},"loc":{"start":{"line":32,"column":9},"end":{"line":35,"column":3}},"line":32},"7":{"name":"isEnabled","decl":{"start":{"line":37,"column":9},"end":{"line":40,"column":3}},"loc":{"start":{"line":37,"column":9},"end":{"line":40,"column":3}},"line":37},"8":{"name":"isDisabled","decl":{"start":{"line":42,"column":9},"end":{"line":45,"column":3}},"loc":{"start":{"line":42,"column":9},"end":{"line":45,"column":3}},"line":42},"9":{"name":"enable","decl":{"start":{"line":47,"column":9},"end":{"line":50,"column":3}},"loc":{"start":{"line":47,"column":9},"end":{"line":50,"column":3}},"line":47},"10":{"name":"disable","decl":{"start":{"line":52,"column":9},"end":{"line":55,"column":3}},"loc":{"start":{"line":52,"column":9},"end":{"line":55,"column":3}},"line":52},"11":{"name":"disableAll","decl":{"start":{"line":57,"column":9},"end":{"line":61,"column":3}},"loc":{"start":{"line":57,"column":9},"end":{"line":61,"column":3}},"line":57},"12":{"name":"filterEnabledActions","decl":{"start":{"line":63,"column":9},"end":{"line":65,"column":3}},"loc":{"start":{"line":63,"column":9},"end":{"line":65,"column":3}},"line":63},"13":{"name":"forEachAction","decl":{"start":{"line":67,"column":9},"end":{"line":71,"column":3}},"loc":{"start":{"line":67,"column":9},"end":{"line":71,"column":3}},"line":67},"14":{"name":"split1","decl":{"start":{"line":74,"column":0},"end":{"line":77,"column":1}},"loc":{"start":{"line":74,"column":0},"end":{"line":77,"column":1}},"line":74}},"f":{"0":0,"1":0,"2":0,"3":5,"4":40,"5":37,"6":6,"7":18,"8":1,"9":2,"10":10,"11":0,"12":4,"13":2,"14":1}}
}
