TN:
SF:src/config.ts
FN:46,parseInt
FN:51,parseBuckets
FNF:2
FNH:2
FNDA:4,parseInt
FNDA:1,parseBuckets
DA:1,1
DA:2,1
DA:3,1
DA:4,1
DA:5,1
DA:6,1
DA:7,1
DA:8,1
DA:9,1
DA:10,1
DA:11,1
DA:12,1
DA:13,1
DA:14,1
DA:15,1
DA:16,1
DA:17,1
DA:18,1
DA:19,1
DA:20,1
DA:21,1
DA:22,1
DA:23,1
DA:24,1
DA:25,1
DA:26,1
DA:27,1
DA:28,1
DA:29,1
DA:30,1
DA:31,1
DA:32,1
DA:33,1
DA:34,1
DA:35,1
DA:36,1
DA:37,1
DA:38,1
DA:39,1
DA:40,1
DA:41,1
DA:42,1
DA:43,1
DA:44,1
DA:45,1
DA:46,4
DA:47,4
DA:48,4
DA:49,1
DA:50,1
DA:51,1
DA:52,1
DA:53,1
DA:54,1
DA:55,1
DA:56,1
DA:57,1
DA:58,1
DA:59,1
DA:60,1
DA:61,1
DA:62,1
DA:63,1
DA:64,1
DA:65,1
DA:66,1
DA:67,1
DA:68,1
DA:69,1
DA:70,1
DA:71,1
DA:72,1
DA:73,1
DA:74,1
DA:75,1
DA:76,1
DA:77,1
DA:78,1
DA:79,1
DA:80,1
DA:81,1
DA:82,1
DA:83,1
DA:84,1
DA:85,1
DA:86,1
DA:87,1
DA:88,1
DA:89,1
LF:89
LH:89
BRDA:61,0,0,0
BRDA:65,1,0,0
BRDA:65,2,0,0
BRDA:70,3,0,0
BRDA:71,4,0,0
BRDA:72,5,0,0
BRDA:73,6,0,0
BRDA:74,7,0,0
BRDA:75,8,0,0
BRDA:76,9,0,0
BRDA:77,10,0,0
BRDA:78,11,0,0
BRDA:46,12,0,4
BRDA:51,13,0,1
BRF:14
BRH:2
end_of_record
TN:
SF:src/store.ts
FN:40,LocalStore
FN:41,get
FN:55,url
FN:65,S3Store
FN:66,get
FN:88,url
FN:101,url
FN:104,get
FN:117,SharpBufferStore
FN:118,url
FN:122,get
FN:131,DynamoDBStore
FN:132,url
FN:135,get
FN:145,MemKVStore
FN:146,url
FN:150,get
FN:156,filetype
FNF:18
FNH:6
FNDA:2,LocalStore
FNDA:2,get
FNDA:0,url
FNDA:1,S3Store
FNDA:3,get
FNDA:0,url
FNDA:0,url
FNDA:0,get
FNDA:0,SharpBufferStore
FNDA:0,url
FNDA:0,get
FNDA:0,DynamoDBStore
FNDA:0,url
FNDA:0,get
FNDA:1,MemKVStore
FNDA:0,url
FNDA:2,get
FNDA:0,filetype
DA:1,1
DA:2,1
DA:3,1
DA:4,1
DA:5,1
DA:6,1
DA:7,1
DA:8,1
DA:9,1
DA:10,1
DA:11,1
DA:12,1
DA:13,1
DA:14,1
DA:15,1
DA:16,1
DA:17,1
DA:18,1
DA:19,1
DA:20,1
DA:21,1
DA:22,1
DA:23,1
DA:24,1
DA:25,1
DA:26,1
DA:27,1
DA:28,1
DA:29,1
DA:30,1
DA:31,1
DA:32,1
DA:33,1
DA:34,1
DA:35,1
DA:36,1
DA:37,1
DA:38,1
DA:39,1
DA:40,1
DA:41,1
DA:42,2
DA:43,2
DA:44,2
DA:45,2
DA:46,0
DA:47,0
DA:48,0
DA:49,0
DA:50,0
DA:51,0
DA:52,0
DA:53,0
DA:54,1
DA:55,1
DA:56,0
DA:57,0
DA:58,1
DA:59,1
DA:60,1
DA:61,1
DA:62,1
DA:63,1
DA:64,1
DA:65,1
DA:66,1
DA:67,3
DA:68,3
DA:69,3
DA:70,3
DA:71,3
DA:72,3
DA:73,0
DA:74,0
DA:75,0
DA:76,0
DA:77,0
DA:78,0
DA:79,0
DA:80,0
DA:81,0
DA:82,0
DA:83,0
DA:84,0
DA:85,0
DA:86,0
DA:87,1
DA:88,1
DA:89,0
DA:90,0
DA:91,0
DA:92,0
DA:93,0
DA:94,0
DA:95,1
DA:96,1
DA:97,1
DA:98,1
DA:99,1
DA:100,1
DA:101,1
DA:102,0
DA:103,0
DA:104,1
DA:105,0
DA:106,0
DA:107,0
DA:108,0
DA:109,0
DA:110,0
DA:111,1
DA:112,1
DA:113,1
DA:114,1
DA:115,1
DA:116,1
DA:117,1
DA:118,1
DA:119,0
DA:120,0
DA:121,1
DA:122,1
DA:123,0
DA:124,0
DA:125,0
DA:126,1
DA:127,1
DA:128,1
DA:129,1
DA:130,1
DA:131,1
DA:132,1
DA:133,0
DA:134,0
DA:135,1
DA:136,0
DA:137,0
DA:138,0
DA:139,0
DA:140,0
DA:141,0
DA:142,1
DA:143,1
DA:144,1
DA:145,1
DA:146,1
DA:147,0
DA:148,0
DA:149,1
DA:150,1
DA:151,2
DA:152,2
DA:153,1
DA:154,1
DA:155,1
DA:156,0
DA:157,0
DA:158,0
LF:158
LH:102
BRDA:40,0,0,2
BRDA:41,1,0,2
BRDA:45,2,0,0
BRDA:65,3,0,1
BRDA:66,4,0,3
BRDA:68,5,0,0
BRDA:73,6,0,0
BRDA:145,7,0,1
BRDA:150,8,0,2
BRDA:151,9,0,1
BRDA:151,10,0,1
BRF:11
BRH:8
end_of_record
TN:
SF:src/processor/image/_base.ts
FN:5,BaseImageAction
FN:9,beforeNewContext
FN:12,beforeProcess
FN:18,ActionMask
FN:22,get length
FN:26,_check
FN:32,getAction
FN:37,isEnabled
FN:42,isDisabled
FN:47,enable
FN:52,disable
FN:57,disableAll
FN:63,filterEnabledActions
FN:67,forEachAction
FN:74,split1
FNF:15
FNH:11
FNDA:0,BaseImageAction
FNDA:0,beforeNewContext
FNDA:0,beforeProcess
FNDA:5,ActionMask
FNDA:40,get length
FNDA:37,_check
FNDA:6,getAction
FNDA:18,isEnabled
FNDA:1,isDisabled
FNDA:2,enable
FNDA:10,disable
FNDA:0,disableAll
FNDA:4,filterEnabledActions
FNDA:2,forEachAction
FNDA:1,split1
DA:1,1
DA:2,1
DA:3,1
DA:4,1
DA:5,0
DA:6,0
DA:7,0
DA:8,0
DA:9,0
DA:10,0
DA:11,0
DA:12,0
DA:13,0
DA:14,1
DA:15,1
DA:16,1
DA:17,1
DA:18,1
DA:19,5
DA:20,5
DA:21,1
DA:22,1
DA:23,40
DA:24,40
DA:25,1
DA:26,1
DA:27,37
DA:28,1
DA:29,1
DA:30,37
DA:31,1
DA:32,1
DA:33,6
DA:34,6
DA:35,6
DA:36,1
DA:37,1
DA:38,18
DA:39,18
DA:40,18
DA:41,1
DA:42,1
DA:43,1
DA:44,1
DA:45,1
DA:46,1
DA:47,1
DA:48,2
DA:49,2
DA:50,2
DA:51,1
DA:52,1
DA:53,10
DA:54,10
DA:55,10
DA:56,1
DA:57,1
DA:58,0
DA:59,0
DA:60,0
DA:61,0
DA:62,1
DA:63,1
DA:64,4
DA:65,4
DA:66,1
DA:67,1
DA:68,2
DA:69,12
DA:70,2
DA:71,2
DA:72,1
DA:73,1
DA:74,1
DA:75,1
DA:76,1
DA:77,1
LF:77
LH:64
BRDA:18,0,0,5
BRDA:19,1,0,30
BRDA:22,2,0,40
BRDA:26,3,0,37
BRDA:27,4,0,36
BRDA:27,5,0,1
BRDA:32,6,0,6
BRDA:37,7,0,18
BRDA:42,8,0,1
BRDA:47,9,0,2
BRDA:52,10,0,10
BRDA:63,11,0,4
BRDA:64,12,0,24
BRDA:67,13,0,2
BRDA:68,14,0,12
BRDA:74,15,0,1
BRF:16
BRH:16
end_of_record
